#
# There is insufficient memory for the Java Runtime Environment to continue.
# Native memory allocation (malloc) failed to allocate 1048576 bytes. Error detail: AllocateHeap
# Possible reasons:
#   The system is out of physical RAM or swap space
#   This process is running with CompressedOops enabled, and the Java Heap may be blocking the growth of the native heap
# Possible solutions:
#   Reduce memory load on the system
#   Increase physical memory or swap space
#   Check if swap backing store is full
#   Decrease Java heap size (-Xmx/-Xms)
#   Decrease number of Java threads
#   Decrease Java thread stack sizes (-Xss)
#   Set larger code cache with -XX:ReservedCodeCacheSize=
#   JVM is running with Unscaled Compressed Oops mode in which the Java heap is
#     placed in the first 4GB address space. The Java Heap base address is the
#     maximum limit for the native heap growth. Please use -XX:HeapBaseMinAddress
#     to set the Java Heap base and to place the Java Heap above 4GB virtual address.
# This output file may be truncated or incomplete.
#
#  Out of Memory Error (allocation.cpp:44), pid=21576, tid=5604
#
# JRE version: OpenJDK Runtime Environment Temurin-21.0.11+10 (21.0.11+10) (build 21.0.11+10-LTS)
# Java VM: OpenJDK 64-Bit Server VM Temurin-21.0.11+10 (21.0.11+10-LTS, mixed mode, sharing, tiered, compressed oops, compressed class ptrs, parallel gc, windows-amd64)
# No core dump will be written. Minidumps are not enabled by default on client versions of Windows
#

---------------  S U M M A R Y ------------

Command Line: --add-modules=ALL-SYSTEM --add-opens=java.base/java.util=ALL-UNNAMED --add-opens=java.base/java.lang=ALL-UNNAMED --add-opens=java.base/sun.nio.fs=ALL-UNNAMED -Declipse.application=org.eclipse.jdt.ls.core.id1 -Dosgi.bundles.defaultStartLevel=4 -Declipse.product=org.eclipse.jdt.ls.core.product -Djava.import.generatesMetadataFilesAtProjectRoot=false -DDetectVMInstallationsJob.disabled=true -Dfile.encoding=utf8 -XX:+UseParallelGC -XX:GCTimeRatio=4 -XX:AdaptiveSizePolicyWeight=90 -Dsun.zip.disableMemoryMapping=true -Xmx2G -Xms100m -Xlog:disable -javaagent:c:\Users\ashre\.vscode\extensions\redhat.java-1.55.0-win32-x64\lombok\lombok-1.18.39-4050.jar -XX:+HeapDumpOnOutOfMemoryError -XX:HeapDumpPath=c:\Users\ashre\AppData\Roaming\Code\User\workspaceStorage\6482264bb552d4ff22a4a57cde34620d\redhat.java -Daether.dependencyCollector.impl=bf c:\Users\ashre\.vscode\extensions\redhat.java-1.55.0-win32-x64\server\plugins\org.eclipse.equinox.launcher_1.7.200.v20260619-2039.jar -configuration c:\Users\ashre\AppData\Roaming\Code\User\globalStorage\redhat.java\1.55.0\config_win -data c:\Users\ashre\AppData\Roaming\Code\User\workspaceStorage\6482264bb552d4ff22a4a57cde34620d\redhat.java\jdt_ws --pipe=\\.\pipe\lsp-2c33f0250d9d38a69f99f3494bd8e354-sock

Host: 12th Gen Intel(R) Core(TM) i5-12500H, 16 cores, 15G,  Windows 11 , 64 bit Build 26100 (10.0.26100.8737)
Time: Thu Jul  9 13:53:50 2026 India Standard Time elapsed time: 747.752527 seconds (0d 0h 12m 27s)

---------------  T H R E A D  ---------------

Current thread (0x0000025fa32bb2a0):  JavaThread "Attach Listener" daemon [_thread_in_vm, id=5604, stack(0x000000e3cce00000,0x000000e3ccf00000) (1024K)]

Stack: [0x000000e3cce00000,0x000000e3ccf00000]
Native frames: (J=compiled Java code, j=interpreted, Vv=VM code, C=native code)
V  [jvm.dll+0x6d7e19]
V  [jvm.dll+0x8b5096]
V  [jvm.dll+0x8b764e]
V  [jvm.dll+0x8b7d33]
V  [jvm.dll+0x284596]
V  [jvm.dll+0xc13c7]
V  [jvm.dll+0x6d86c9]
V  [jvm.dll+0x133616]
V  [jvm.dll+0x3f868e]
V  [jvm.dll+0x85fb0d]
V  [jvm.dll+0x6d664d]
C  [ucrtbase.dll+0x2cd30]
C  [KERNEL32.DLL+0x2e957]
C  [ntdll.dll+0xaad6c]


---------------  P R O C E S S  ---------------

Threads class SMR info:
_java_thread_list=0x0000025ffdc3b830, length=84, elements={
0x0000025fa320ebf0, 0x0000025fa32b1160, 0x0000025fa32b1ec0, 0x0000025fa32b88f0,
0x0000025fa32bb2a0, 0x0000025fa32c1000, 0x0000025fa32c64a0, 0x0000025ffc0953c0,
0x0000025fa32ce280, 0x0000025ffc2daee0, 0x0000025ffc377330, 0x0000025ffe07a130,
0x0000025ffc366480, 0x0000025ffdd83ba0, 0x0000025ffc20c680, 0x0000025ffe0f4320,
0x0000025ffec66f40, 0x0000025ffeed2020, 0x0000025f843e5d90, 0x0000025f843e77d0,
0x0000025f843e5700, 0x0000025f84b28ce0, 0x0000025f84b26c10, 0x0000025f84b29a00,
0x0000025f84b27930, 0x0000025f84b27fc0, 0x0000025f84b2a720, 0x0000025f84b28650,
0x0000025f84b2a090, 0x0000025f84b29370, 0x0000025f84b272a0, 0x0000025f84b2adb0,
0x0000025f84b2ce80, 0x0000025f84b2e230, 0x0000025f84b2b440, 0x0000025f84b2c160,
0x0000025f84b2c7f0, 0x0000025f84b2d510, 0x0000025f84b2dba0, 0x0000025f84b2bad0,
0x0000025f84323d00, 0x0000025f84329250, 0x0000025f84329f70, 0x0000025f84327ea0,
0x0000025f84328530, 0x0000025f84327180, 0x0000025f843298e0, 0x0000025f8432a600,
0x0000025f8432ac90, 0x0000025f84327810, 0x0000025f869e64f0, 0x0000025f869e3070,
0x0000025f869e5e60, 0x0000025f869e5140, 0x0000025f869e6b80, 0x0000025f869e7f30,
0x0000025f869e9970, 0x0000025f869e8c50, 0x0000025f843e7e60, 0x0000025f843e7140,
0x0000025f869e4ab0, 0x0000025f869ea000, 0x0000025f84af3c60, 0x0000025f84af56a0,
0x0000025f84af5010, 0x0000025f84af28b0, 0x0000025f84e25f50, 0x0000025f84e27300,
0x0000025f84e28020, 0x0000025f84e265e0, 0x0000025f84e286b0, 0x0000025f84e28d40,
0x0000025f84e26c70, 0x0000025f84e258c0, 0x0000025f84e29a60, 0x0000025f84e2c1c0,
0x0000025f84e2ae10, 0x0000025f84e2a780, 0x0000025f84e2a0f0, 0x0000025f84e2b4a0,
0x0000025f84e2bb30, 0x0000025f84e2c850, 0x0000025f84e293d0, 0x0000025f84e2cee0
}

Java Threads: ( => current thread )
  0x0000025fa320ebf0 JavaThread "main"                              [_thread_blocked, id=19328, stack(0x000000e3cc700000,0x000000e3cc800000) (1024K)]
  0x0000025fa32b1160 JavaThread "Reference Handler"          daemon [_thread_blocked, id=8084, stack(0x000000e3ccb00000,0x000000e3ccc00000) (1024K)]
  0x0000025fa32b1ec0 JavaThread "Finalizer"                  daemon [_thread_blocked, id=7996, stack(0x000000e3ccc00000,0x000000e3ccd00000) (1024K)]
  0x0000025fa32b88f0 JavaThread "Signal Dispatcher"          daemon [_thread_blocked, id=17816, stack(0x000000e3ccd00000,0x000000e3cce00000) (1024K)]
=>0x0000025fa32bb2a0 JavaThread "Attach Listener"            daemon [_thread_in_vm, id=5604, stack(0x000000e3cce00000,0x000000e3ccf00000) (1024K)]
  0x0000025fa32c1000 JavaThread "Service Thread"             daemon [_thread_blocked, id=18196, stack(0x000000e3ccf00000,0x000000e3cd000000) (1024K)]
  0x0000025fa32c64a0 JavaThread "Monitor Deflation Thread"   daemon [_thread_blocked, id=14900, stack(0x000000e3cd000000,0x000000e3cd100000) (1024K)]
  0x0000025ffc0953c0 JavaThread "C2 CompilerThread0"         daemon [_thread_blocked, id=21700, stack(0x000000e3cd100000,0x000000e3cd200000) (1024K)]
  0x0000025fa32ce280 JavaThread "C1 CompilerThread0"         daemon [_thread_blocked, id=22452, stack(0x000000e3cd200000,0x000000e3cd300000) (1024K)]
  0x0000025ffc2daee0 JavaThread "Common-Cleaner"             daemon [_thread_blocked, id=16860, stack(0x000000e3cd600000,0x000000e3cd700000) (1024K)]
  0x0000025ffc377330 JavaThread "Notification Thread"        daemon [_thread_blocked, id=32592, stack(0x000000e3cd800000,0x000000e3cd900000) (1024K)]
  0x0000025ffe07a130 JavaThread "Active Thread: Equinox Container: 183547c6-964c-483c-b5f9-df6bfd3920ca"        [_thread_blocked, id=8088, stack(0x000000e3ce200000,0x000000e3ce300000) (1024K)]
  0x0000025ffc366480 JavaThread "Refresh Thread: Equinox Container: 183547c6-964c-483c-b5f9-df6bfd3920ca" daemon [_thread_blocked, id=24540, stack(0x000000e3cd400000,0x000000e3cd500000) (1024K)]
  0x0000025ffdd83ba0 JavaThread "Framework Event Dispatcher: Equinox Container: 183547c6-964c-483c-b5f9-df6bfd3920ca" daemon [_thread_blocked, id=8052, stack(0x000000e3cd700000,0x000000e3cd800000) (1024K)]
  0x0000025ffc20c680 JavaThread "Start Level: Equinox Container: 183547c6-964c-483c-b5f9-df6bfd3920ca" daemon [_thread_blocked, id=7800, stack(0x000000e3cd300000,0x000000e3cd400000) (1024K)]
  0x0000025ffe0f4320 JavaThread "Bundle File Closer"         daemon [_thread_blocked, id=13052, stack(0x000000e3ce300000,0x000000e3ce400000) (1024K)]
  0x0000025ffec66f40 JavaThread "SCR Component Actor"        daemon [_thread_blocked, id=33356, stack(0x000000e3cc600000,0x000000e3cc700000) (1024K)]
  0x0000025ffeed2020 JavaThread "Worker-JM"                         [_thread_blocked, id=23872, stack(0x000000e3cea00000,0x000000e3ceb00000) (1024K)]
  0x0000025f843e5d90 JavaThread "JNA Cleaner"                daemon [_thread_blocked, id=20812, stack(0x000000e3ce900000,0x000000e3cea00000) (1024K)]
  0x0000025f843e77d0 JavaThread "Java indexing"              daemon [_thread_blocked, id=30612, stack(0x000000e3cee00000,0x000000e3cef00000) (1024K)]
  0x0000025f843e5700 JavaThread "Thread-1"                   daemon [_thread_in_native, id=15672, stack(0x000000e3cf500000,0x000000e3cf600000) (1024K)]
  0x0000025f84b28ce0 JavaThread "Thread-2"                   daemon [_thread_in_native, id=19732, stack(0x000000e3cf600000,0x000000e3cf700000) (1024K)]
  0x0000025f84b26c10 JavaThread "Thread-3"                   daemon [_thread_in_native, id=11180, stack(0x000000e3cf700000,0x000000e3cf800000) (1024K)]
  0x0000025f84b29a00 JavaThread "Thread-4"                   daemon [_thread_in_native, id=8628, stack(0x000000e3cf800000,0x000000e3cf900000) (1024K)]
  0x0000025f84b27930 JavaThread "Thread-5"                   daemon [_thread_in_native, id=8272, stack(0x000000e3cf900000,0x000000e3cfa00000) (1024K)]
  0x0000025f84b27fc0 JavaThread "Thread-6"                   daemon [_thread_in_native, id=25156, stack(0x000000e3cfa00000,0x000000e3cfb00000) (1024K)]
  0x0000025f84b2a720 JavaThread "Thread-7"                   daemon [_thread_in_native, id=4384, stack(0x000000e3cfb00000,0x000000e3cfc00000) (1024K)]
  0x0000025f84b28650 JavaThread "Thread-8"                   daemon [_thread_in_native, id=17804, stack(0x000000e3cfc00000,0x000000e3cfd00000) (1024K)]
  0x0000025f84b2a090 JavaThread "Thread-9"                   daemon [_thread_in_native, id=16376, stack(0x000000e3cfd00000,0x000000e3cfe00000) (1024K)]
  0x0000025f84b29370 JavaThread "Thread-10"                  daemon [_thread_in_native, id=26012, stack(0x000000e3cfe00000,0x000000e3cff00000) (1024K)]
  0x0000025f84b272a0 JavaThread "Thread-11"                  daemon [_thread_in_native, id=17004, stack(0x000000e3cff00000,0x000000e3d0000000) (1024K)]
  0x0000025f84b2adb0 JavaThread "Thread-12"                  daemon [_thread_in_native, id=3656, stack(0x000000e3d0000000,0x000000e3d0100000) (1024K)]
  0x0000025f84b2ce80 JavaThread "Thread-13"                  daemon [_thread_in_native, id=20968, stack(0x000000e3d0100000,0x000000e3d0200000) (1024K)]
  0x0000025f84b2e230 JavaThread "Thread-14"                  daemon [_thread_in_native, id=14476, stack(0x000000e3d0200000,0x000000e3d0300000) (1024K)]
  0x0000025f84b2b440 JavaThread "Thread-15"                  daemon [_thread_in_native, id=20140, stack(0x000000e3d0300000,0x000000e3d0400000) (1024K)]
  0x0000025f84b2c160 JavaThread "Thread-16"                  daemon [_thread_in_native, id=15452, stack(0x000000e3d0400000,0x000000e3d0500000) (1024K)]
  0x0000025f84b2c7f0 JavaThread "Thread-17"                  daemon [_thread_in_native, id=28968, stack(0x000000e3d0500000,0x000000e3d0600000) (1024K)]
  0x0000025f84b2d510 JavaThread "pool-2-thread-1"                   [_thread_blocked, id=30552, stack(0x000000e3d0600000,0x000000e3d0700000) (1024K)]
  0x0000025f84b2dba0 JavaThread "WorkspaceEventsHandler"            [_thread_blocked, id=18556, stack(0x000000e3d0800000,0x000000e3d0900000) (1024K)]
  0x0000025f84b2bad0 JavaThread "pool-1-thread-1"                   [_thread_blocked, id=29384, stack(0x000000e3d0900000,0x000000e3d0a00000) (1024K)]
  0x0000025f84323d00 JavaThread "ForkJoinPool.commonPool-worker-1" daemon [_thread_blocked, id=20304, stack(0x000000e3ce800000,0x000000e3ce900000) (1024K)]
  0x0000025f84329250 JavaThread "PatternSearchJob-worker-1"  daemon [_thread_blocked, id=2804, stack(0x000000e3d0f00000,0x000000e3d1000000) (1024K)]
  0x0000025f84329f70 JavaThread "PatternSearchJob-worker-3"  daemon [_thread_blocked, id=28084, stack(0x000000e3d1100000,0x000000e3d1200000) (1024K)]
  0x0000025f84327ea0 JavaThread "PatternSearchJob-worker-4"  daemon [_thread_blocked, id=22052, stack(0x000000e3d1200000,0x000000e3d1300000) (1024K)]
  0x0000025f84328530 JavaThread "PatternSearchJob-worker-5"  daemon [_thread_blocked, id=30964, stack(0x000000e3d1300000,0x000000e3d1400000) (1024K)]
  0x0000025f84327180 JavaThread "PatternSearchJob-worker-6"  daemon [_thread_blocked, id=22660, stack(0x000000e3d1400000,0x000000e3d1500000) (1024K)]
  0x0000025f843298e0 JavaThread "PatternSearchJob-worker-7"  daemon [_thread_blocked, id=4676, stack(0x000000e3d1500000,0x000000e3d1600000) (1024K)]
  0x0000025f8432a600 JavaThread "PatternSearchJob-worker-8"  daemon [_thread_blocked, id=31460, stack(0x000000e3d1600000,0x000000e3d1700000) (1024K)]
  0x0000025f8432ac90 JavaThread "PatternSearchJob-worker-9"  daemon [_thread_blocked, id=32932, stack(0x000000e3d1700000,0x000000e3d1800000) (1024K)]
  0x0000025f84327810 JavaThread "PatternSearchJob-worker-10" daemon [_thread_blocked, id=21124, stack(0x000000e3d1800000,0x000000e3d1900000) (1024K)]
  0x0000025f869e64f0 JavaThread "PatternSearchJob-worker-11" daemon [_thread_blocked, id=10024, stack(0x000000e3d1900000,0x000000e3d1a00000) (1024K)]
  0x0000025f869e3070 JavaThread "PatternSearchJob-worker-12" daemon [_thread_blocked, id=12424, stack(0x000000e3d1a00000,0x000000e3d1b00000) (1024K)]
  0x0000025f869e5e60 JavaThread "PatternSearchJob-worker-13" daemon [_thread_blocked, id=10492, stack(0x000000e3d1b00000,0x000000e3d1c00000) (1024K)]
  0x0000025f869e5140 JavaThread "PatternSearchJob-worker-14" daemon [_thread_blocked, id=19300, stack(0x000000e3d1c00000,0x000000e3d1d00000) (1024K)]
  0x0000025f869e6b80 JavaThread "PatternSearchJob-worker-15" daemon [_thread_blocked, id=33436, stack(0x000000e3d1d00000,0x000000e3d1e00000) (1024K)]
  0x0000025f869e7f30 JavaThread "ForkJoinPool.commonPool-worker-8" daemon [_thread_blocked, id=11508, stack(0x000000e3ce700000,0x000000e3ce800000) (1024K)]
  0x0000025f869e9970 JavaThread "ForkJoinPool.commonPool-worker-9" daemon [_thread_blocked, id=20116, stack(0x000000e3cf100000,0x000000e3cf200000) (1024K)]
  0x0000025f869e8c50 JavaThread "Cleaner-0"                  daemon [_thread_blocked, id=3224, stack(0x000000e3cf300000,0x000000e3cf400000) (1024K)]
  0x0000025f843e7e60 JavaThread "Worker-10"                         [_thread_blocked, id=2852, stack(0x000000e3ced00000,0x000000e3cee00000) (1024K)]
  0x0000025f843e7140 JavaThread "Compiler Source File Reader" daemon [_thread_blocked, id=22192, stack(0x000000e3d0700000,0x000000e3d0800000) (1024K)]
  0x0000025f869e4ab0 JavaThread "Compiler Source File Reader" daemon [_thread_blocked, id=17968, stack(0x000000e3d0b00000,0x000000e3d0c00000) (1024K)]
  0x0000025f869ea000 JavaThread "Compiler Source File Reader" daemon [_thread_blocked, id=30172, stack(0x000000e3d0c00000,0x000000e3d0d00000) (1024K)]
  0x0000025f84af3c60 JavaThread "Compiler Source File Reader" daemon [_thread_blocked, id=16724, stack(0x000000e3d0d00000,0x000000e3d0e00000) (1024K)]
  0x0000025f84af56a0 JavaThread "Compiler Source File Reader" daemon [_thread_blocked, id=11620, stack(0x000000e3d0e00000,0x000000e3d0f00000) (1024K)]
  0x0000025f84af5010 JavaThread "LocalFile Deleter"          daemon [_thread_blocked, id=19612, stack(0x000000e3cf400000,0x000000e3cf500000) (1024K)]
  0x0000025f84af28b0 JavaThread "LocalFile Deleter"          daemon [_thread_blocked, id=18600, stack(0x000000e3d2000000,0x000000e3d2100000) (1024K)]
  0x0000025f84e25f50 JavaThread "LocalFile Deleter"          daemon [_thread_blocked, id=28256, stack(0x000000e3d2200000,0x000000e3d2300000) (1024K)]
  0x0000025f84e27300 JavaThread "LocalFile Deleter"          daemon [_thread_blocked, id=30480, stack(0x000000e3d2300000,0x000000e3d2400000) (1024K)]
  0x0000025f84e28020 JavaThread "LocalFile Deleter"          daemon [_thread_blocked, id=30656, stack(0x000000e3d2400000,0x000000e3d2500000) (1024K)]
  0x0000025f84e265e0 JavaThread "LocalFile Deleter"          daemon [_thread_blocked, id=18712, stack(0x000000e3d2500000,0x000000e3d2600000) (1024K)]
  0x0000025f84e286b0 JavaThread "Compiler Source File Reader" daemon [_thread_blocked, id=24368, stack(0x000000e3d2600000,0x000000e3d2700000) (1024K)]
  0x0000025f84e28d40 JavaThread "Compiler Source File Reader" daemon [_thread_blocked, id=14596, stack(0x000000e3d2700000,0x000000e3d2800000) (1024K)]
  0x0000025f84e26c70 JavaThread "Compiler Source File Reader" daemon [_thread_blocked, id=24400, stack(0x000000e3d2800000,0x000000e3d2900000) (1024K)]
  0x0000025f84e258c0 JavaThread "Compiler Source File Reader" daemon [_thread_blocked, id=3492, stack(0x000000e3d2900000,0x000000e3d2a00000) (1024K)]
  0x0000025f84e29a60 JavaThread "Compiler Source File Reader" daemon [_thread_blocked, id=21684, stack(0x000000e3d2a00000,0x000000e3d2b00000) (1024K)]
  0x0000025f84e2c1c0 JavaThread "Compiler Class File Writer" daemon [_thread_blocked, id=2168, stack(0x000000e3d2b00000,0x000000e3d2c00000) (1024K)]
  0x0000025f84e2ae10 JavaThread "Compiler Class File Writer" daemon [_thread_blocked, id=3180, stack(0x000000e3d2c00000,0x000000e3d2d00000) (1024K)]
  0x0000025f84e2a780 JavaThread "Compiler Class File Writer" daemon [_thread_blocked, id=15924, stack(0x000000e3d2d00000,0x000000e3d2e00000) (1024K)]
  0x0000025f84e2a0f0 JavaThread "Compiler Class File Writer" daemon [_thread_blocked, id=18264, stack(0x000000e3d2e00000,0x000000e3d2f00000) (1024K)]
  0x0000025f84e2b4a0 JavaThread "Compiler Class File Writer" daemon [_thread_blocked, id=33288, stack(0x000000e3d2f00000,0x000000e3d3000000) (1024K)]
  0x0000025f84e2bb30 JavaThread "Compiler Source File Reader" daemon [_thread_blocked, id=31532, stack(0x000000e3d3000000,0x000000e3d3100000) (1024K)]
  0x0000025f84e2c850 JavaThread "Compiler Class File Writer" daemon [_thread_blocked, id=21544, stack(0x000000e3d3100000,0x000000e3d3200000) (1024K)]
  0x0000025f84e293d0 JavaThread "Worker-13"                         [_thread_blocked, id=33388, stack(0x000000e3d3200000,0x000000e3d3300000) (1024K)]
  0x0000025f84e2cee0 JavaThread "Compiler Source File Reader" daemon [_thread_blocked, id=16440, stack(0x000000e3d3500000,0x000000e3d3600000) (1024K)]
Total: 84

Other Threads:
  0x0000025fa32b0a00 VMThread "VM Thread"                           [id=19408, stack(0x000000e3cca00000,0x000000e3ccb00000) (1024K)]
  0x0000025fa309ca10 WatcherThread "VM Periodic Task Thread"        [id=6436, stack(0x000000e3cc900000,0x000000e3cca00000) (1024K)]
  0x0000025fa322d5c0 WorkerThread "GC Thread#0"                     [id=15788, stack(0x000000e3cc800000,0x000000e3cc900000) (1024K)]
  0x0000025ffdd95630 WorkerThread "GC Thread#1"                     [id=20368, stack(0x000000e3cda00000,0x000000e3cdb00000) (1024K)]
  0x0000025ffdd959e0 WorkerThread "GC Thread#2"                     [id=11020, stack(0x000000e3cdb00000,0x000000e3cdc00000) (1024K)]
  0x0000025ffd9ef8d0 WorkerThread "GC Thread#3"                     [id=16424, stack(0x000000e3cdc00000,0x000000e3cdd00000) (1024K)]
  0x0000025ffe23b0e0 WorkerThread "GC Thread#4"                     [id=32032, stack(0x000000e3cdd00000,0x000000e3cde00000) (1024K)]
  0x0000025ffd9efc80 WorkerThread "GC Thread#5"                     [id=20064, stack(0x000000e3cde00000,0x000000e3cdf00000) (1024K)]
  0x0000025ffe1304d0 WorkerThread "GC Thread#6"                     [id=13904, stack(0x000000e3cdf00000,0x000000e3ce000000) (1024K)]
  0x0000025ffe1222a0 WorkerThread "GC Thread#7"                     [id=31252, stack(0x000000e3ce100000,0x000000e3ce200000) (1024K)]
  0x0000025ffe4426d0 WorkerThread "GC Thread#8"                     [id=17176, stack(0x000000e3cd500000,0x000000e3cd600000) (1024K)]
  0x0000025ffe65b8f0 WorkerThread "GC Thread#9"                     [id=4064, stack(0x000000e3cd900000,0x000000e3cda00000) (1024K)]
  0x0000025ffe65bca0 WorkerThread "GC Thread#10"                    [id=10228, stack(0x000000e3ce000000,0x000000e3ce100000) (1024K)]
  0x0000025f8401b0d0 WorkerThread "GC Thread#11"                    [id=8032, stack(0x000000e3ce400000,0x000000e3ce500000) (1024K)]
  0x0000025f8401b480 WorkerThread "GC Thread#12"                    [id=17748, stack(0x000000e3ce500000,0x000000e3ce600000) (1024K)]
Total: 15

Threads with active compile tasks:
Total: 0

VM state: not at safepoint (normal execution)

VM Mutex/Monitor currently owned by a thread: None

Heap address: 0x0000000080000000, size: 2048 MB, Compressed Oops mode: 32-bit

CDS archive(s) mapped at: [0x0000025fba000000-0x0000025fbaba0000-0x0000025fbaba0000), size 12189696, SharedBaseAddress: 0x0000025fba000000, ArchiveRelocationMode: 1.
Compressed class space mapped at: 0x0000025fbb000000-0x0000025ffb000000, reserved size: 1073741824
Narrow klass base: 0x0000025fba000000, Narrow klass shift: 0, Narrow klass range: 0x100000000

GC Precious Log:
 CardTable entry size: 512
 CPUs: 16 total, 16 available
 Memory: 16051M
 Large Page Support: Disabled
 NUMA Support: Disabled
 Compressed Oops: Enabled (32-bit)
 Alignments: Space 512K, Generation 512K, Heap 2M
 Heap Min Capacity: 100M
 Heap Initial Capacity: 100M
 Heap Max Capacity: 2G
 Pre-touch: Disabled
 Parallel Workers: 13

Heap:
 PSYoungGen      total 5120K, used 4414K [0x00000000d5580000, 0x00000000d5e00000, 0x0000000100000000)
  eden space 3072K, 92% used [0x00000000d5580000,0x00000000d5846810,0x00000000d5880000)
  from space 2048K, 76% used [0x00000000d5c00000,0x00000000d5d892e0,0x00000000d5e00000)
  to   space 2560K, 0% used [0x00000000d5900000,0x00000000d5900000,0x00000000d5b80000)
 ParOldGen       total 259584K, used 259451K [0x0000000080000000, 0x000000008fd80000, 0x00000000d5580000)
  object space 259584K, 99% used [0x0000000080000000,0x000000008fd5ef18,0x000000008fd80000)
 Metaspace       used 77874K, committed 79552K, reserved 1179648K
  class space    used 8191K, committed 8960K, reserved 1048576K

Card table byte_map: [0x0000025fa2bb0000,0x0000025fa2fc0000] _byte_map_base: 0x0000025fa27b0000

Marking Bits: (ParMarkBitMap*) 0x00007ff8cf0e4460
 Begin Bits: [0x0000025fb56c0000, 0x0000025fb76c0000)
 End Bits:   [0x0000025fb76c0000, 0x0000025fb96c0000)

Polling page: 0x0000025fa1000000

Metaspace:

Usage:
  Non-class:     68.05 MB used.
      Class:      8.00 MB used.
       Both:     76.05 MB used.

Virtual space:
  Non-class space:      128.00 MB reserved,      68.94 MB ( 54%) committed,  2 nodes.
      Class space:        1.00 GB reserved,       8.75 MB ( <1%) committed,  1 nodes.
             Both:        1.12 GB reserved,      77.69 MB (  7%) committed. 

Chunk freelists:
   Non-Class:  10.63 MB
       Class:  7.28 MB
        Both:  17.91 MB

MaxMetaspaceSize: unlimited
CompressedClassSpaceSize: 1.00 GB
Initial GC threshold: 21.00 MB
Current GC threshold: 97.31 MB
CDS: on
 - commit_granule_bytes: 65536.
 - commit_granule_words: 8192.
 - virtual_space_node_default_size: 8388608.
 - enlarge_chunks_in_place: 1.
 - use_allocation_guard: 0.


Internal statistics:

num_allocs_failed_limit: 9.
num_arena_births: 1442.
num_arena_deaths: 14.
num_vsnodes_births: 3.
num_vsnodes_deaths: 0.
num_space_committed: 1243.
num_space_uncommitted: 0.
num_chunks_returned_to_freelist: 23.
num_chunks_taken_from_freelist: 5087.
num_chunk_merges: 11.
num_chunk_splits: 3078.
num_chunks_enlarged: 1666.
num_inconsistent_stats: 0.

CodeHeap 'non-profiled nmethods': size=119168Kb used=10802Kb max_used=10802Kb free=108366Kb
 bounds [0x0000025fadfb0000, 0x0000025faea40000, 0x0000025fb5410000]
CodeHeap 'profiled nmethods': size=119104Kb used=33389Kb max_used=33389Kb free=85714Kb
 bounds [0x0000025fa6410000, 0x0000025fa84b0000, 0x0000025fad860000]
CodeHeap 'non-nmethods': size=7488Kb used=1507Kb max_used=3215Kb free=5980Kb
 bounds [0x0000025fad860000, 0x0000025fadbd0000, 0x0000025fadfb0000]
CodeCache: size=245760Kb, used=45698Kb, max_used=47406Kb, free=200060Kb
 total_blobs=14784, nmethods=13953, adapters=733, full_count=0
Compilation: enabled, stopped_count=0, restarted_count=0

Compilation events (20 events):
Event: 525.719 Thread 0x0000025fa32ce280 nmethod 14779 0x0000025fa84a7b10 code [0x0000025fa84a7cc0, 0x0000025fa84a7f58]
Event: 525.719 Thread 0x0000025fa32ce280 14780       3       org.eclipse.jdt.internal.core.builder.ClasspathLocation::singletonModuleNameIf (41 bytes)
Event: 525.719 Thread 0x0000025fa32ce280 nmethod 14780 0x0000025fa84a8010 code [0x0000025fa84a8200, 0x0000025fa84a8860]
Event: 525.720 Thread 0x0000025fa32ce280 14781       3       java.util.TimSort::pushRun (31 bytes)
Event: 525.721 Thread 0x0000025fa32ce280 nmethod 14781 0x0000025fa84a8a10 code [0x0000025fa84a8bc0, 0x0000025fa84a8d28]
Event: 525.721 Thread 0x0000025fa32ce280 14782       3       org.eclipse.jdt.internal.compiler.lookup.TypeBinding::signature (5 bytes)
Event: 525.721 Thread 0x0000025fa32ce280 nmethod 14782 0x0000025fa84a8e90 code [0x0000025fa84a9040, 0x0000025fa84a9208]
Event: 525.738 Thread 0x0000025ffc0953c0 nmethod 14776 0x0000025faea38990 code [0x0000025faea38c60, 0x0000025faea3af28]
Event: 525.739 Thread 0x0000025ffc0953c0 14777       4       org.eclipse.jdt.internal.compiler.lookup.PlainPackageBinding::<init> (10 bytes)
Event: 525.741 Thread 0x0000025ffc0953c0 nmethod 14777 0x0000025faea3bf10 code [0x0000025faea3c0c0, 0x0000025faea3c510]
Event: 547.245 Thread 0x0000025fa32ce280 14783       3       java.lang.Module::getClassLoader (20 bytes)
Event: 547.246 Thread 0x0000025fa32ce280 nmethod 14783 0x0000025fa84a9290 code [0x0000025fa84a9440, 0x0000025fa84a9638]
Event: 567.445 Thread 0x0000025fa32ce280 14784       3       java.util.concurrent.ThreadPoolExecutor::isShutdown (12 bytes)
Event: 567.445 Thread 0x0000025fa32ce280 nmethod 14784 0x0000025fa84a9710 code [0x0000025fa84a98c0, 0x0000025fa84a9aa0]
Event: 587.454 Thread 0x0000025fa32ce280 14785       3       java.util.concurrent.ScheduledThreadPoolExecutor::canRunInCurrentRunState (61 bytes)
Event: 587.455 Thread 0x0000025fa32ce280 nmethod 14785 0x0000025fa84a9b90 code [0x0000025fa84a9da0, 0x0000025fa84aa550]
Event: 667.530 Thread 0x0000025fa32ce280 14786       3       java.util.concurrent.locks.ReentrantLock::lockInterruptibly (8 bytes)
Event: 667.530 Thread 0x0000025fa32ce280 nmethod 14786 0x0000025fa84aa790 code [0x0000025fa84aa9a0, 0x0000025fa84aaf28]
Event: 677.539 Thread 0x0000025fa32ce280 14787       3       java.util.concurrent.ThreadPoolExecutor$Worker::tryAcquire (20 bytes)
Event: 677.539 Thread 0x0000025fa32ce280 nmethod 14787 0x0000025fa84ab110 code [0x0000025fa84ab2c0, 0x0000025fa84ab4c8]

GC Heap History (20 events):
Event: 498.360 GC heap before
{Heap before GC invocations=212 (full 3):
 PSYoungGen      total 3584K, used 3568K [0x00000000d5580000, 0x00000000d6200000, 0x0000000100000000)
  eden space 1536K, 100% used [0x00000000d5580000,0x00000000d5700000,0x00000000d5700000)
  from space 2048K, 99% used [0x00000000d5c00000,0x00000000d5dfc000,0x00000000d5e00000)
  to   space 5120K, 0% used [0x00000000d5700000,0x00000000d5700000,0x00000000d5c00000)
 ParOldGen       total 210944K, used 210782K [0x0000000080000000, 0x000000008ce00000, 0x00000000d5580000)
  object space 210944K, 99% used [0x0000000080000000,0x000000008cdd7870,0x000000008ce00000)
 Metaspace       used 77765K, committed 79488K, reserved 1179648K
  class space    used 8184K, committed 8960K, reserved 1048576K
}
Event: 498.363 GC heap after
{Heap after GC invocations=212 (full 3):
 PSYoungGen      total 2560K, used 984K [0x00000000d5580000, 0x00000000d5c80000, 0x0000000100000000)
  eden space 1536K, 0% used [0x00000000d5580000,0x00000000d5580000,0x00000000d5700000)
  from space 1024K, 96% used [0x00000000d5700000,0x00000000d57f6000,0x00000000d5800000)
  to   space 2560K, 0% used [0x00000000d5a00000,0x00000000d5a00000,0x00000000d5c80000)
 ParOldGen       total 212480K, used 212182K [0x0000000080000000, 0x000000008cf80000, 0x00000000d5580000)
  object space 212480K, 99% used [0x0000000080000000,0x000000008cf35870,0x000000008cf80000)
 Metaspace       used 77765K, committed 79488K, reserved 1179648K
  class space    used 8184K, committed 8960K, reserved 1048576K
}
Event: 498.366 GC heap before
{Heap before GC invocations=213 (full 3):
 PSYoungGen      total 2560K, used 2520K [0x00000000d5580000, 0x00000000d5c80000, 0x0000000100000000)
  eden space 1536K, 100% used [0x00000000d5580000,0x00000000d5700000,0x00000000d5700000)
  from space 1024K, 96% used [0x00000000d5700000,0x00000000d57f6000,0x00000000d5800000)
  to   space 2560K, 0% used [0x00000000d5a00000,0x00000000d5a00000,0x00000000d5c80000)
 ParOldGen       total 212480K, used 212182K [0x0000000080000000, 0x000000008cf80000, 0x00000000d5580000)
  object space 212480K, 99% used [0x0000000080000000,0x000000008cf35870,0x000000008cf80000)
 Metaspace       used 77765K, committed 79488K, reserved 1179648K
  class space    used 8184K, committed 8960K, reserved 1048576K
}
Event: 498.368 GC heap after
{Heap after GC invocations=213 (full 3):
 PSYoungGen      total 4096K, used 1557K [0x00000000d5580000, 0x00000000d5c00000, 0x0000000100000000)
  eden space 2048K, 0% used [0x00000000d5580000,0x00000000d5580000,0x00000000d5780000)
  from space 2048K, 76% used [0x00000000d5a00000,0x00000000d5b854b0,0x00000000d5c00000)
  to   space 2048K, 0% used [0x00000000d5800000,0x00000000d5800000,0x00000000d5a00000)
 ParOldGen       total 213504K, used 213046K [0x0000000080000000, 0x000000008d080000, 0x00000000d5580000)
  object space 213504K, 99% used [0x0000000080000000,0x000000008d00d880,0x000000008d080000)
 Metaspace       used 77765K, committed 79488K, reserved 1179648K
  class space    used 8184K, committed 8960K, reserved 1048576K
}
Event: 498.370 GC heap before
{Heap before GC invocations=214 (full 3):
 PSYoungGen      total 4096K, used 3605K [0x00000000d5580000, 0x00000000d5c00000, 0x0000000100000000)
  eden space 2048K, 100% used [0x00000000d5580000,0x00000000d5780000,0x00000000d5780000)
  from space 2048K, 76% used [0x00000000d5a00000,0x00000000d5b854b0,0x00000000d5c00000)
  to   space 2048K, 0% used [0x00000000d5800000,0x00000000d5800000,0x00000000d5a00000)
 ParOldGen       total 213504K, used 213046K [0x0000000080000000, 0x000000008d080000, 0x00000000d5580000)
  object space 213504K, 99% used [0x0000000080000000,0x000000008d00d880,0x000000008d080000)
 Metaspace       used 77765K, committed 79488K, reserved 1179648K
  class space    used 8184K, committed 8960K, reserved 1048576K
}
Event: 498.372 GC heap after
{Heap after GC invocations=214 (full 3):
 PSYoungGen      total 4608K, used 2033K [0x00000000d5580000, 0x00000000d6000000, 0x0000000100000000)
  eden space 2560K, 0% used [0x00000000d5580000,0x00000000d5580000,0x00000000d5800000)
  from space 2048K, 99% used [0x00000000d5800000,0x00000000d59fc578,0x00000000d5a00000)
  to   space 4096K, 0% used [0x00000000d5c00000,0x00000000d5c00000,0x00000000d6000000)
 ParOldGen       total 214528K, used 214491K [0x0000000080000000, 0x000000008d180000, 0x00000000d5580000)
  object space 214528K, 99% used [0x0000000080000000,0x000000008d176d40,0x000000008d180000)
 Metaspace       used 77765K, committed 79488K, reserved 1179648K
  class space    used 8184K, committed 8960K, reserved 1048576K
}
Event: 498.375 GC heap before
{Heap before GC invocations=215 (full 3):
 PSYoungGen      total 4608K, used 4593K [0x00000000d5580000, 0x00000000d6000000, 0x0000000100000000)
  eden space 2560K, 100% used [0x00000000d5580000,0x00000000d5800000,0x00000000d5800000)
  from space 2048K, 99% used [0x00000000d5800000,0x00000000d59fc578,0x00000000d5a00000)
  to   space 4096K, 0% used [0x00000000d5c00000,0x00000000d5c00000,0x00000000d6000000)
 ParOldGen       total 214528K, used 214491K [0x0000000080000000, 0x000000008d180000, 0x00000000d5580000)
  object space 214528K, 99% used [0x0000000080000000,0x000000008d176d40,0x000000008d180000)
 Metaspace       used 77765K, committed 79488K, reserved 1179648K
  class space    used 8184K, committed 8960K, reserved 1048576K
}
Event: 498.377 GC heap after
{Heap after GC invocations=215 (full 3):
 PSYoungGen      total 6144K, used 2764K [0x00000000d5580000, 0x00000000d5f00000, 0x0000000100000000)
  eden space 3072K, 0% used [0x00000000d5580000,0x00000000d5580000,0x00000000d5880000)
  from space 3072K, 90% used [0x00000000d5c00000,0x00000000d5eb33a0,0x00000000d5f00000)
  to   space 3072K, 0% used [0x00000000d5900000,0x00000000d5900000,0x00000000d5c00000)
 ParOldGen       total 216576K, used 216515K [0x0000000080000000, 0x000000008d380000, 0x00000000d5580000)
  object space 216576K, 99% used [0x0000000080000000,0x000000008d370f10,0x000000008d380000)
 Metaspace       used 77765K, committed 79488K, reserved 1179648K
  class space    used 8184K, committed 8960K, reserved 1048576K
}
Event: 498.382 GC heap before
{Heap before GC invocations=216 (full 3):
 PSYoungGen      total 6144K, used 5712K [0x00000000d5580000, 0x00000000d5f00000, 0x0000000100000000)
  eden space 3072K, 95% used [0x00000000d5580000,0x00000000d5860e08,0x00000000d5880000)
  from space 3072K, 90% used [0x00000000d5c00000,0x00000000d5eb33a0,0x00000000d5f00000)
  to   space 3072K, 0% used [0x00000000d5900000,0x00000000d5900000,0x00000000d5c00000)
 ParOldGen       total 216576K, used 216515K [0x0000000080000000, 0x000000008d380000, 0x00000000d5580000)
  object space 216576K, 99% used [0x0000000080000000,0x000000008d370f10,0x000000008d380000)
 Metaspace       used 77765K, committed 79488K, reserved 1179648K
  class space    used 8184K, committed 8960K, reserved 1048576K
}
Event: 498.384 GC heap after
{Heap after GC invocations=216 (full 3):
 PSYoungGen      total 6656K, used 2912K [0x00000000d5580000, 0x00000000d5f80000, 0x0000000100000000)
  eden space 3584K, 0% used [0x00000000d5580000,0x00000000d5580000,0x00000000d5900000)
  from space 3072K, 94% used [0x00000000d5900000,0x00000000d5bd82c8,0x00000000d5c00000)
  to   space 3072K, 0% used [0x00000000d5c80000,0x00000000d5c80000,0x00000000d5f80000)
 ParOldGen       total 219136K, used 219081K [0x0000000080000000, 0x000000008d600000, 0x00000000d5580000)
  object space 219136K, 99% used [0x0000000080000000,0x000000008d5f2568,0x000000008d600000)
 Metaspace       used 77765K, committed 79488K, reserved 1179648K
  class space    used 8184K, committed 8960K, reserved 1048576K
}
Event: 498.389 GC heap before
{Heap before GC invocations=217 (full 3):
 PSYoungGen      total 6656K, used 6170K [0x00000000d5580000, 0x00000000d5f80000, 0x0000000100000000)
  eden space 3584K, 90% used [0x00000000d5580000,0x00000000d58ae5e0,0x00000000d5900000)
  from space 3072K, 94% used [0x00000000d5900000,0x00000000d5bd82c8,0x00000000d5c00000)
  to   space 3072K, 0% used [0x00000000d5c80000,0x00000000d5c80000,0x00000000d5f80000)
 ParOldGen       total 219136K, used 219081K [0x0000000080000000, 0x000000008d600000, 0x00000000d5580000)
  object space 219136K, 99% used [0x0000000080000000,0x000000008d5f2568,0x000000008d600000)
 Metaspace       used 77765K, committed 79488K, reserved 1179648K
  class space    used 8184K, committed 8960K, reserved 1048576K
}
Event: 498.391 GC heap after
{Heap after GC invocations=217 (full 3):
 PSYoungGen      total 6144K, used 1440K [0x00000000d5580000, 0x00000000d5e00000, 0x0000000100000000)
  eden space 4608K, 0% used [0x00000000d5580000,0x00000000d5580000,0x00000000d5a00000)
  from space 1536K, 93% used [0x00000000d5c80000,0x00000000d5de8000,0x00000000d5e00000)
  to   space 2048K, 0% used [0x00000000d5a00000,0x00000000d5a00000,0x00000000d5c00000)
 ParOldGen       total 221696K, used 221686K [0x0000000080000000, 0x000000008d880000, 0x00000000d5580000)
  object space 221696K, 99% used [0x0000000080000000,0x000000008d87d850,0x000000008d880000)
 Metaspace       used 77765K, committed 79488K, reserved 1179648K
  class space    used 8184K, committed 8960K, reserved 1048576K
}
Event: 507.114 GC heap before
{Heap before GC invocations=218 (full 3):
 PSYoungGen      total 6144K, used 6048K [0x00000000d5580000, 0x00000000d5e00000, 0x0000000100000000)
  eden space 4608K, 100% used [0x00000000d5580000,0x00000000d5a00000,0x00000000d5a00000)
  from space 1536K, 93% used [0x00000000d5c80000,0x00000000d5de8000,0x00000000d5e00000)
  to   space 2048K, 0% used [0x00000000d5a00000,0x00000000d5a00000,0x00000000d5c00000)
 ParOldGen       total 253440K, used 252406K [0x0000000080000000, 0x000000008f780000, 0x00000000d5580000)
  object space 253440K, 99% used [0x0000000080000000,0x000000008f67d880,0x000000008f780000)
 Metaspace       used 77864K, committed 79552K, reserved 1179648K
  class space    used 8189K, committed 8960K, reserved 1048576K
}
Event: 507.119 GC heap after
{Heap after GC invocations=218 (full 3):
 PSYoungGen      total 6656K, used 880K [0x00000000d5580000, 0x00000000d5e00000, 0x0000000100000000)
  eden space 4608K, 0% used [0x00000000d5580000,0x00000000d5580000,0x00000000d5a00000)
  from space 2048K, 42% used [0x00000000d5a00000,0x00000000d5adc000,0x00000000d5c00000)
  to   space 1536K, 0% used [0x00000000d5c80000,0x00000000d5c80000,0x00000000d5e00000)
 ParOldGen       total 253440K, used 253342K [0x0000000080000000, 0x000000008f780000, 0x00000000d5580000)
  object space 253440K, 99% used [0x0000000080000000,0x000000008f767880,0x000000008f780000)
 Metaspace       used 77864K, committed 79552K, reserved 1179648K
  class space    used 8189K, committed 8960K, reserved 1048576K
}
Event: 525.673 GC heap before
{Heap before GC invocations=219 (full 3):
 PSYoungGen      total 6656K, used 5488K [0x00000000d5580000, 0x00000000d5e00000, 0x0000000100000000)
  eden space 4608K, 100% used [0x00000000d5580000,0x00000000d5a00000,0x00000000d5a00000)
  from space 2048K, 42% used [0x00000000d5a00000,0x00000000d5adc000,0x00000000d5c00000)
  to   space 1536K, 0% used [0x00000000d5c80000,0x00000000d5c80000,0x00000000d5e00000)
 ParOldGen       total 253440K, used 253342K [0x0000000080000000, 0x000000008f780000, 0x00000000d5580000)
  object space 253440K, 99% used [0x0000000080000000,0x000000008f767880,0x000000008f780000)
 Metaspace       used 77867K, committed 79552K, reserved 1179648K
  class space    used 8190K, committed 8960K, reserved 1048576K
}
Event: 525.677 GC heap after
{Heap after GC invocations=219 (full 3):
 PSYoungGen      total 4608K, used 1524K [0x00000000d5580000, 0x00000000d6200000, 0x0000000100000000)
  eden space 3072K, 0% used [0x00000000d5580000,0x00000000d5580000,0x00000000d5880000)
  from space 1536K, 99% used [0x00000000d5c80000,0x00000000d5dfd018,0x00000000d5e00000)
  to   space 4096K, 0% used [0x00000000d5880000,0x00000000d5880000,0x00000000d5c80000)
 ParOldGen       total 255488K, used 255165K [0x0000000080000000, 0x000000008f980000, 0x00000000d5580000)
  object space 255488K, 99% used [0x0000000080000000,0x000000008f92f4c8,0x000000008f980000)
 Metaspace       used 77867K, committed 79552K, reserved 1179648K
  class space    used 8190K, committed 8960K, reserved 1048576K
}
Event: 525.694 GC heap before
{Heap before GC invocations=220 (full 3):
 PSYoungGen      total 4608K, used 4596K [0x00000000d5580000, 0x00000000d6200000, 0x0000000100000000)
  eden space 3072K, 100% used [0x00000000d5580000,0x00000000d5880000,0x00000000d5880000)
  from space 1536K, 99% used [0x00000000d5c80000,0x00000000d5dfd018,0x00000000d5e00000)
  to   space 4096K, 0% used [0x00000000d5880000,0x00000000d5880000,0x00000000d5c80000)
 ParOldGen       total 255488K, used 255165K [0x0000000080000000, 0x000000008f980000, 0x00000000d5580000)
  object space 255488K, 99% used [0x0000000080000000,0x000000008f92f4c8,0x000000008f980000)
 Metaspace       used 77867K, committed 79552K, reserved 1179648K
  class space    used 8190K, committed 8960K, reserved 1048576K
}
Event: 525.697 GC heap after
{Heap after GC invocations=220 (full 3):
 PSYoungGen      total 6144K, used 2985K [0x00000000d5580000, 0x00000000d5f80000, 0x0000000100000000)
  eden space 3072K, 0% used [0x00000000d5580000,0x00000000d5580000,0x00000000d5880000)
  from space 3072K, 97% used [0x00000000d5880000,0x00000000d5b6a6f8,0x00000000d5b80000)
  to   space 3584K, 0% used [0x00000000d5c00000,0x00000000d5c00000,0x00000000d5f80000)
 ParOldGen       total 257024K, used 256705K [0x0000000080000000, 0x000000008fb00000, 0x00000000d5580000)
  object space 257024K, 99% used [0x0000000080000000,0x000000008fab0560,0x000000008fb00000)
 Metaspace       used 77867K, committed 79552K, reserved 1179648K
  class space    used 8190K, committed 8960K, reserved 1048576K
}
Event: 525.712 GC heap before
{Heap before GC invocations=221 (full 3):
 PSYoungGen      total 6144K, used 6057K [0x00000000d5580000, 0x00000000d5f80000, 0x0000000100000000)
  eden space 3072K, 100% used [0x00000000d5580000,0x00000000d5880000,0x00000000d5880000)
  from space 3072K, 97% used [0x00000000d5880000,0x00000000d5b6a6f8,0x00000000d5b80000)
  to   space 3584K, 0% used [0x00000000d5c00000,0x00000000d5c00000,0x00000000d5f80000)
 ParOldGen       total 257024K, used 256705K [0x0000000080000000, 0x000000008fb00000, 0x00000000d5580000)
  object space 257024K, 99% used [0x0000000080000000,0x000000008fab0560,0x000000008fb00000)
 Metaspace       used 77867K, committed 79552K, reserved 1179648K
  class space    used 8190K, committed 8960K, reserved 1048576K
}
Event: 525.714 GC heap after
{Heap after GC invocations=221 (full 3):
 PSYoungGen      total 5120K, used 1572K [0x00000000d5580000, 0x00000000d5e00000, 0x0000000100000000)
  eden space 3072K, 0% used [0x00000000d5580000,0x00000000d5580000,0x00000000d5880000)
  from space 2048K, 76% used [0x00000000d5c00000,0x00000000d5d892e0,0x00000000d5e00000)
  to   space 2560K, 0% used [0x00000000d5900000,0x00000000d5900000,0x00000000d5b80000)
 ParOldGen       total 259584K, used 259451K [0x0000000080000000, 0x000000008fd80000, 0x00000000d5580000)
  object space 259584K, 99% used [0x0000000080000000,0x000000008fd5ef18,0x000000008fd80000)
 Metaspace       used 77867K, committed 79552K, reserved 1179648K
  class space    used 8190K, committed 8960K, reserved 1048576K
}

Dll operation events (12 events):
Event: 0.013 Loaded shared library c:\Users\ashre\.vscode\extensions\redhat.java-1.55.0-win32-x64\jre\21.0.11-win32-x86_64\bin\java.dll
Event: 0.109 Loaded shared library c:\Users\ashre\.vscode\extensions\redhat.java-1.55.0-win32-x64\jre\21.0.11-win32-x86_64\bin\zip.dll
Event: 0.138 Loaded shared library C:\Users\ashre\.vscode\extensions\redhat.java-1.55.0-win32-x64\jre\21.0.11-win32-x86_64\bin\instrument.dll
Event: 0.144 Loaded shared library C:\Users\ashre\.vscode\extensions\redhat.java-1.55.0-win32-x64\jre\21.0.11-win32-x86_64\bin\net.dll
Event: 0.147 Loaded shared library C:\Users\ashre\.vscode\extensions\redhat.java-1.55.0-win32-x64\jre\21.0.11-win32-x86_64\bin\nio.dll
Event: 0.151 Loaded shared library C:\Users\ashre\.vscode\extensions\redhat.java-1.55.0-win32-x64\jre\21.0.11-win32-x86_64\bin\zip.dll
Event: 0.176 Loaded shared library C:\Users\ashre\.vscode\extensions\redhat.java-1.55.0-win32-x64\jre\21.0.11-win32-x86_64\bin\jimage.dll
Event: 0.269 Loaded shared library c:\Users\ashre\.vscode\extensions\redhat.java-1.55.0-win32-x64\jre\21.0.11-win32-x86_64\bin\verify.dll
Event: 7.695 Loaded shared library C:\Users\ashre\AppData\Roaming\Code\User\globalStorage\redhat.java\1.55.0\config_win\org.eclipse.equinox.launcher\org.eclipse.equinox.launcher.win32.win32.x86_64_1.3.100.v20260613-0559\eclipse_11924.dll
Event: 34.240 Loaded shared library C:\Users\ashre\AppData\Local\Temp\jna-93111081\jna18233013584671330446.dll
Event: 37.644 Loaded shared library C:\Users\ashre\.vscode\extensions\redhat.java-1.55.0-win32-x64\jre\21.0.11-win32-x86_64\bin\sunmscapi.dll
Event: 38.280 Loaded shared library C:\Users\ashre\.vscode\extensions\redhat.java-1.55.0-win32-x64\jre\21.0.11-win32-x86_64\bin\extnet.dll

Deoptimization events (20 events):
Event: 498.380 Thread 0x0000025f843e77d0 DEOPT PACKING pc=0x0000025fa834df80 sp=0x000000e3ceefebd0
Event: 498.380 Thread 0x0000025f843e77d0 DEOPT UNPACKING pc=0x0000025fad8b4242 sp=0x000000e3ceefe0a8 mode 0
Event: 498.387 Thread 0x0000025f843e77d0 DEOPT PACKING pc=0x0000025fa8147ab5 sp=0x000000e3ceefeb60
Event: 498.387 Thread 0x0000025f843e77d0 DEOPT UNPACKING pc=0x0000025fad8b4242 sp=0x000000e3ceefe0a8 mode 0
Event: 498.423 Thread 0x0000025f84e293d0 Uncommon trap: trap_request=0xffffffc6 fr.pc=0x0000025fae2bd9c4 relative=0x00000000000000a4
Event: 498.423 Thread 0x0000025f84e293d0 Uncommon trap: reason=bimorphic_or_optimized_type_check action=maybe_recompile pc=0x0000025fae2bd9c4 method=java.util.Collections$UnmodifiableMap$UnmodifiableEntrySet$1.hasNext()Z @ 4 c2
Event: 498.423 Thread 0x0000025f84e293d0 DEOPT PACKING pc=0x0000025fae2bd9c4 sp=0x000000e3d32fe9a0
Event: 498.423 Thread 0x0000025f84e293d0 DEOPT UNPACKING pc=0x0000025fad8b3aa2 sp=0x000000e3d32fe928 mode 2
Event: 498.432 Thread 0x0000025f843e77d0 Uncommon trap: trap_request=0xffffffc6 fr.pc=0x0000025fae9627f4 relative=0x0000000000000814
Event: 498.432 Thread 0x0000025f843e77d0 Uncommon trap: reason=bimorphic_or_optimized_type_check action=maybe_recompile pc=0x0000025fae9627f4 method=org.eclipse.jdt.internal.compiler.parser.Parser.consumeRule(I)V @ 7797 c2
Event: 498.432 Thread 0x0000025f843e77d0 DEOPT PACKING pc=0x0000025fae9627f4 sp=0x000000e3ceefebe0
Event: 498.432 Thread 0x0000025f843e77d0 DEOPT UNPACKING pc=0x0000025fad8b3aa2 sp=0x000000e3ceefeb58 mode 2
Event: 525.704 Thread 0x0000025f843250b0 Uncommon trap: trap_request=0xffffff45 fr.pc=0x0000025fae9b1fd4 relative=0x0000000000000974
Event: 525.704 Thread 0x0000025f843250b0 Uncommon trap: reason=unstable_if action=reinterpret pc=0x0000025fae9b1fd4 method=org.eclipse.jdt.internal.core.builder.ClasspathLocation.singletonModuleNameIf(Z)[[C @ 10 c2
Event: 525.704 Thread 0x0000025f843250b0 DEOPT PACKING pc=0x0000025fae9b1fd4 sp=0x000000e3ceffdbe0
Event: 525.704 Thread 0x0000025f843250b0 DEOPT UNPACKING pc=0x0000025fad8b3aa2 sp=0x000000e3ceffdb20 mode 2
Event: 525.704 Thread 0x0000025f843250b0 Uncommon trap: trap_request=0xffffff45 fr.pc=0x0000025fae9b2a14 relative=0x00000000000000f4
Event: 525.705 Thread 0x0000025f843250b0 Uncommon trap: reason=unstable_if action=reinterpret pc=0x0000025fae9b2a14 method=org.eclipse.jdt.internal.core.builder.ClasspathLocation.singletonModuleNameIf(Z)[[C @ 10 c2
Event: 525.705 Thread 0x0000025f843250b0 DEOPT PACKING pc=0x0000025fae9b2a14 sp=0x000000e3ceffdb70
Event: 525.705 Thread 0x0000025f843250b0 DEOPT UNPACKING pc=0x0000025fad8b3aa2 sp=0x000000e3ceffdb10 mode 2

Classes loaded (20 events):
Event: 462.933 Loading class java/util/stream/ReduceOps$CountingSink$OfRef
Event: 462.934 Loading class java/util/stream/ReduceOps$CountingSink
Event: 462.934 Loading class java/util/stream/ReduceOps$CountingSink done
Event: 462.934 Loading class java/util/stream/ReduceOps$CountingSink$OfRef done
Event: 463.072 Loading class java/util/zip/CheckedInputStream
Event: 463.072 Loading class java/util/zip/CheckedInputStream done
Event: 463.160 Loading class java/util/concurrent/ArrayBlockingQueue
Event: 463.160 Loading class java/util/concurrent/ArrayBlockingQueue done
Event: 463.208 Loading class sun/nio/ch/ChannelOutputStream
Event: 463.209 Loading class sun/nio/ch/ChannelOutputStream done
Event: 463.578 Loading class java/nio/BufferMismatch
Event: 463.578 Loading class java/nio/BufferMismatch done
Event: 463.579 Loading class java/nio/file/attribute/PosixFileAttributes
Event: 463.579 Loading class java/nio/file/attribute/PosixFileAttributes done
Event: 463.614 Loading class java/util/ImmutableCollections$SubList
Event: 463.615 Loading class java/util/ImmutableCollections$SubList done
Event: 480.956 Loading class java/util/concurrent/ConcurrentHashMap$KeySpliterator
Event: 480.956 Loading class java/util/concurrent/ConcurrentHashMap$KeySpliterator done
Event: 481.020 Loading class java/io/CharArrayWriter
Event: 481.020 Loading class java/io/CharArrayWriter done

Classes unloaded (7 events):
Event: 35.117 Thread 0x0000025fa32b0a00 Unloading class 0x0000025fbb1a3000 'java/lang/invoke/LambdaForm$MH+0x0000025fbb1a3000'
Event: 35.117 Thread 0x0000025fa32b0a00 Unloading class 0x0000025fbb1a2c00 'java/lang/invoke/LambdaForm$MH+0x0000025fbb1a2c00'
Event: 35.117 Thread 0x0000025fa32b0a00 Unloading class 0x0000025fbb1a2800 'java/lang/invoke/LambdaForm$MH+0x0000025fbb1a2800'
Event: 35.117 Thread 0x0000025fa32b0a00 Unloading class 0x0000025fbb1a2400 'java/lang/invoke/LambdaForm$MH+0x0000025fbb1a2400'
Event: 35.117 Thread 0x0000025fa32b0a00 Unloading class 0x0000025fbb1a2000 'java/lang/invoke/LambdaForm$BMH+0x0000025fbb1a2000'
Event: 35.117 Thread 0x0000025fa32b0a00 Unloading class 0x0000025fbb1a1c00 'java/lang/invoke/LambdaForm$DMH+0x0000025fbb1a1c00'
Event: 35.117 Thread 0x0000025fa32b0a00 Unloading class 0x0000025fbb1a0800 'java/lang/invoke/LambdaForm$DMH+0x0000025fbb1a0800'

Classes redefined (0 events):
No events

Internal exceptions (20 events):
Event: 480.887 Thread 0x0000025f869e57d0 Exception <a 'sun/nio/fs/WindowsException'{0x00000000d5690518}> (0x00000000d5690518) 
thrown [s\src\hotspot\share\prims\jni.cpp, line 520]
Event: 480.887 Thread 0x0000025f869e57d0 Exception <a 'sun/nio/fs/WindowsException'{0x00000000d5690e18}> (0x00000000d5690e18) 
thrown [s\src\hotspot\share\prims\jni.cpp, line 520]
Event: 480.904 Thread 0x0000025f869e57d0 Exception <a 'sun/nio/fs/WindowsException'{0x00000000d581bef8}> (0x00000000d581bef8) 
thrown [s\src\hotspot\share\prims\jni.cpp, line 520]
Event: 480.905 Thread 0x0000025f84af2220 Exception <a 'sun/nio/fs/WindowsException'{0x00000000d5828550}> (0x00000000d5828550) 
thrown [s\src\hotspot\share\prims\jni.cpp, line 520]
Event: 480.905 Thread 0x0000025f84af2220 Exception <a 'sun/nio/fs/WindowsException'{0x00000000d5829a38}> (0x00000000d5829a38) 
thrown [s\src\hotspot\share\prims\jni.cpp, line 520]
Event: 480.907 Thread 0x0000025f84af5010 Exception <a 'sun/nio/fs/WindowsException'{0x00000000d582c728}> (0x00000000d582c728) 
thrown [s\src\hotspot\share\prims\jni.cpp, line 520]
Event: 480.907 Thread 0x0000025f84af2f40 Exception <a 'sun/nio/fs/WindowsException'{0x00000000d58382b8}> (0x00000000d58382b8) 
thrown [s\src\hotspot\share\prims\jni.cpp, line 520]
Event: 480.907 Thread 0x0000025f84af35d0 Exception <a 'sun/nio/fs/WindowsException'{0x00000000d58349f0}> (0x00000000d58349f0) 
thrown [s\src\hotspot\share\prims\jni.cpp, line 520]
Event: 480.907 Thread 0x0000025f84e27990 Exception <a 'sun/nio/fs/WindowsException'{0x00000000d583ffd0}> (0x00000000d583ffd0) 
thrown [s\src\hotspot\share\prims\jni.cpp, line 520]
Event: 480.954 Thread 0x0000025f843e6ab0 Exception <a 'java/lang/NoSuchMethodError'{0x00000000d57f0cb8}: 'void java.lang.invoke.DirectMethodHandle$Holder.invokeStatic(java.lang.Object, int, java.lang.Object)'> (0x00000000d57f0cb8) 
thrown [s\src\hotspot\share\interpreter\linkResolver.cpp, line 773]
Event: 480.957 Thread 0x0000025f869e57d0 Exception <a 'java/lang/NoSuchMethodError'{0x00000000d5847180}: 'java.lang.Object java.lang.invoke.DirectMethodHandle$Holder.invokeStatic(java.lang.Object, java.lang.Object, int, int, java.lang.Object)'> (0x00000000d5847180) 
thrown [s\src\hotspot\share\interpreter\linkResolver.cpp, line 773]
Event: 480.957 Thread 0x0000025f869e57d0 Exception <a 'java/lang/NoSuchMethodError'{0x00000000d584df40}: 'java.lang.Object java.lang.invoke.DirectMethodHandle$Holder.newInvokeSpecial(java.lang.Object, java.lang.Object, int, int, java.lang.Object)'> (0x00000000d584df40) 
thrown [s\src\hotspot\share\interpreter\linkResolver.cpp, line 773]
Event: 480.973 Thread 0x0000025f869e57d0 Exception <a 'sun/nio/fs/WindowsException'{0x00000000d5697658}> (0x00000000d5697658) 
thrown [s\src\hotspot\share\prims\jni.cpp, line 520]
Event: 480.973 Thread 0x0000025f84af2220 Exception <a 'sun/nio/fs/WindowsException'{0x00000000d569cab0}> (0x00000000d569cab0) 
thrown [s\src\hotspot\share\prims\jni.cpp, line 520]
Event: 480.974 Thread 0x0000025f84e27990 Exception <a 'sun/nio/fs/WindowsException'{0x00000000d569ea98}> (0x00000000d569ea98) 
thrown [s\src\hotspot\share\prims\jni.cpp, line 520]
Event: 481.008 Thread 0x0000025f869e57d0 Exception <a 'sun/nio/fs/WindowsException'{0x00000000d576ab78}> (0x00000000d576ab78) 
thrown [s\src\hotspot\share\prims\jni.cpp, line 520]
Event: 481.008 Thread 0x0000025f869e57d0 Exception <a 'sun/nio/fs/WindowsException'{0x00000000d576b1c8}> (0x00000000d576b1c8) 
thrown [s\src\hotspot\share\prims\jni.cpp, line 520]
Event: 490.979 Thread 0x0000025f843250b0 Exception <a 'java/lang/ArrayIndexOutOfBoundsException'{0x00000000d564ce58}> (0x00000000d564ce58) 
thrown [s\src\hotspot\share\runtime\sharedRuntime.cpp, line 625]
Event: 498.295 Thread 0x0000025f843e77d0 Exception <a 'sun/nio/fs/WindowsException'{0x00000000d578ad80}> (0x00000000d578ad80) 
thrown [s\src\hotspot\share\prims\jni.cpp, line 520]
Event: 498.428 Thread 0x0000025f843e77d0 Exception <a 'sun/nio/fs/WindowsException'{0x00000000d5666b40}> (0x00000000d5666b40) 
thrown [s\src\hotspot\share\prims\jni.cpp, line 520]

ZGC Phase Switch (0 events):
No events

VM Operations (20 events):
Event: 498.382 Executing safepoint VM operation: ParallelGCFailedAllocation (Allocation Failure)
Event: 498.384 Executing safepoint VM operation: ParallelGCFailedAllocation (Allocation Failure) done
Event: 498.389 Executing safepoint VM operation: ParallelGCFailedAllocation (Allocation Failure)
Event: 498.391 Executing safepoint VM operation: ParallelGCFailedAllocation (Allocation Failure) done
Event: 499.398 Executing safepoint VM operation: Cleanup
Event: 499.398 Executing safepoint VM operation: Cleanup done
Event: 507.114 Executing safepoint VM operation: ParallelGCFailedAllocation (Allocation Failure)
Event: 507.119 Executing safepoint VM operation: ParallelGCFailedAllocation (Allocation Failure) done
Event: 525.673 Executing safepoint VM operation: ParallelGCFailedAllocation (Allocation Failure)
Event: 525.677 Executing safepoint VM operation: ParallelGCFailedAllocation (Allocation Failure) done
Event: 525.694 Executing safepoint VM operation: ParallelGCFailedAllocation (Allocation Failure)
Event: 525.697 Executing safepoint VM operation: ParallelGCFailedAllocation (Allocation Failure) done
Event: 525.711 Executing safepoint VM operation: ParallelGCFailedAllocation (Allocation Failure)
Event: 525.714 Executing safepoint VM operation: ParallelGCFailedAllocation (Allocation Failure) done
Event: 526.728 Executing safepoint VM operation: Cleanup
Event: 526.728 Executing safepoint VM operation: Cleanup done
Event: 541.340 Executing non-safepoint VM operation: HandshakeAllThreads (HandshakeForDeflation)
Event: 541.340 Executing non-safepoint VM operation: HandshakeAllThreads (HandshakeForDeflation) done
Event: 541.340 Executing non-safepoint VM operation: RendezvousGCThreads
Event: 541.340 Executing non-safepoint VM operation: RendezvousGCThreads done

Memory protections (0 events):
No events

Nmethod flushes (20 events):
Event: 44.024 Thread 0x0000025fa32b0a00 flushing  nmethod 0x0000025fa6d75f10
Event: 44.024 Thread 0x0000025fa32b0a00 flushing  nmethod 0x0000025fa6d7a210
Event: 44.024 Thread 0x0000025fa32b0a00 flushing  nmethod 0x0000025fa6d7af90
Event: 44.024 Thread 0x0000025fa32b0a00 flushing  nmethod 0x0000025fa6d7dc90
Event: 44.024 Thread 0x0000025fa32b0a00 flushing  nmethod 0x0000025fa6da8210
Event: 44.024 Thread 0x0000025fa32b0a00 flushing osr nmethod 0x0000025fa6def490
Event: 44.024 Thread 0x0000025fa32b0a00 flushing osr nmethod 0x0000025fa6df0010
Event: 44.024 Thread 0x0000025fa32b0a00 flushing  nmethod 0x0000025fa6e04d90
Event: 44.024 Thread 0x0000025fa32b0a00 flushing  nmethod 0x0000025fa6e1d310
Event: 44.024 Thread 0x0000025fa32b0a00 flushing  nmethod 0x0000025fa6e1dc90
Event: 44.024 Thread 0x0000025fa32b0a00 flushing  nmethod 0x0000025fa6e20e90
Event: 44.024 Thread 0x0000025fa32b0a00 flushing  nmethod 0x0000025fa6e40710
Event: 44.024 Thread 0x0000025fa32b0a00 flushing  nmethod 0x0000025fa6e40e10
Event: 44.024 Thread 0x0000025fa32b0a00 flushing  nmethod 0x0000025fa6e41890
Event: 44.024 Thread 0x0000025fa32b0a00 flushing  nmethod 0x0000025fa6e42110
Event: 44.024 Thread 0x0000025fa32b0a00 flushing  nmethod 0x0000025fa6e42490
Event: 44.024 Thread 0x0000025fa32b0a00 flushing  nmethod 0x0000025fa6e43490
Event: 44.024 Thread 0x0000025fa32b0a00 flushing  nmethod 0x0000025fa6e46210
Event: 44.024 Thread 0x0000025fa32b0a00 flushing osr nmethod 0x0000025fa6eb2410
Event: 44.024 Thread 0x0000025fa32b0a00 flushing  nmethod 0x0000025fa6ef6d10

Events (20 events):
Event: 481.005 Thread 0x0000025f869e57d0 Thread added: 0x0000025f84e2c850
Event: 481.044 Thread 0x0000025f84325dd0 Thread added: 0x0000025f84e293d0
Event: 498.039 Thread 0x0000025ffc0953c0 Thread added: 0x0000025f8709c830
Event: 498.276 Thread 0x0000025fa32ce280 Thread added: 0x0000025f9099e880
Event: 498.364 Thread 0x0000025f84e293d0 Thread added: 0x0000025f84e2cee0
Event: 503.488 Thread 0x0000025f8709c830 Thread exited: 0x0000025f8709c830
Event: 503.569 Thread 0x0000025f9099e880 Thread exited: 0x0000025f9099e880
Event: 540.976 Thread 0x0000025f84af2220 Thread exited: 0x0000025f84af2220
Event: 558.406 Thread 0x0000025f843e6ab0 Thread exited: 0x0000025f843e6ab0
Event: 558.476 Thread 0x0000025f843e84f0 Thread exited: 0x0000025f843e84f0
Event: 558.476 Thread 0x0000025f843e6420 Thread exited: 0x0000025f843e6420
Event: 558.476 Thread 0x0000025f84af4980 Thread exited: 0x0000025f84af4980
Event: 558.476 Thread 0x0000025f869e57d0 Thread exited: 0x0000025f869e57d0
Event: 558.476 Thread 0x0000025f84325dd0 Thread exited: 0x0000025f84325dd0
Event: 585.730 Thread 0x0000025f843250b0 Thread exited: 0x0000025f843250b0
Event: 600.985 Thread 0x0000025f84e27990 Thread exited: 0x0000025f84e27990
Event: 645.735 Thread 0x0000025f869e4420 Thread exited: 0x0000025f869e4420
Event: 660.996 Thread 0x0000025f84af2f40 Thread exited: 0x0000025f84af2f40
Event: 705.734 Thread 0x0000025f869e92e0 Thread exited: 0x0000025f869e92e0
Event: 720.997 Thread 0x0000025f84af35d0 Thread exited: 0x0000025f84af35d0


Dynamic libraries:
0x00007ff69b490000 - 0x00007ff69b49e000 	c:\Users\ashre\.vscode\extensions\redhat.java-1.55.0-win32-x64\jre\21.0.11-win32-x86_64\bin\java.exe
0x00007ff9819c0000 - 0x00007ff981c26000 	C:\WINDOWS\SYSTEM32\ntdll.dll
0x00007ff980db0000 - 0x00007ff980e79000 	C:\WINDOWS\System32\KERNEL32.DLL
0x00007ff97ed60000 - 0x00007ff97f160000 	C:\WINDOWS\System32\KERNELBASE.dll
0x00007ff97f310000 - 0x00007ff97f45c000 	C:\WINDOWS\System32\ucrtbase.dll
0x00007ff93c720000 - 0x00007ff93c738000 	c:\Users\ashre\.vscode\extensions\redhat.java-1.55.0-win32-x64\jre\21.0.11-win32-x86_64\bin\jli.dll
0x00007ff93c3a0000 - 0x00007ff93c3be000 	c:\Users\ashre\.vscode\extensions\redhat.java-1.55.0-win32-x64\jre\21.0.11-win32-x86_64\bin\VCRUNTIME140.dll
0x00007ff981560000 - 0x00007ff981727000 	C:\WINDOWS\System32\USER32.dll
0x00007ff95afd0000 - 0x00007ff95b262000 	C:\WINDOWS\WinSxS\amd64_microsoft.windows.common-controls_6595b64144ccf1df_6.0.26100.8737_none_3e092eaee333b772\COMCTL32.dll
0x00007ff97f230000 - 0x00007ff97f257000 	C:\WINDOWS\System32\win32u.dll
0x00007ff980480000 - 0x00007ff980529000 	C:\WINDOWS\System32\msvcrt.dll
0x00007ff9802c0000 - 0x00007ff9802eb000 	C:\WINDOWS\System32\GDI32.dll
0x00007ff97f500000 - 0x00007ff97f629000 	C:\WINDOWS\System32\gdi32full.dll
0x00007ff97f260000 - 0x00007ff97f303000 	C:\WINDOWS\System32\msvcp_win.dll
0x00007ff980a60000 - 0x00007ff980a92000 	C:\WINDOWS\System32\IMM32.DLL
0x00007ff95c830000 - 0x00007ff95c83c000 	c:\Users\ashre\.vscode\extensions\redhat.java-1.55.0-win32-x64\jre\21.0.11-win32-x86_64\bin\vcruntime140_1.dll
0x00007ff938f70000 - 0x00007ff938ffd000 	c:\Users\ashre\.vscode\extensions\redhat.java-1.55.0-win32-x64\jre\21.0.11-win32-x86_64\bin\msvcp140.dll
0x00007ff8ce420000 - 0x00007ff8cf1c2000 	c:\Users\ashre\.vscode\extensions\redhat.java-1.55.0-win32-x64\jre\21.0.11-win32-x86_64\bin\server\jvm.dll
0x00007ff980e80000 - 0x00007ff980f37000 	C:\WINDOWS\System32\ADVAPI32.dll
0x00007ff980310000 - 0x00007ff9803ba000 	C:\WINDOWS\System32\sechost.dll
0x00007ff980530000 - 0x00007ff980648000 	C:\WINDOWS\System32\RPCRT4.dll
0x00007ff980230000 - 0x00007ff9802b0000 	C:\WINDOWS\System32\WS2_32.dll
0x00007ff97e390000 - 0x00007ff97e3ee000 	C:\WINDOWS\SYSTEM32\POWRPROF.dll
0x00007ff972460000 - 0x00007ff97246b000 	C:\WINDOWS\SYSTEM32\VERSION.dll
0x00007ff971870000 - 0x00007ff9718a6000 	C:\WINDOWS\SYSTEM32\WINMM.dll
0x00007ff97e370000 - 0x00007ff97e384000 	C:\WINDOWS\SYSTEM32\UMPDC.dll
0x00007ff97d8c0000 - 0x00007ff97d8db000 	C:\WINDOWS\SYSTEM32\kernel.appcore.dll
0x00007ff95c6d0000 - 0x00007ff95c6da000 	c:\Users\ashre\.vscode\extensions\redhat.java-1.55.0-win32-x64\jre\21.0.11-win32-x86_64\bin\jimage.dll
0x00007ff97c060000 - 0x00007ff97c2a2000 	C:\WINDOWS\SYSTEM32\DBGHELP.DLL
0x00007ff97fea0000 - 0x00007ff980223000 	C:\WINDOWS\System32\combase.dll
0x00007ff980760000 - 0x00007ff980839000 	C:\WINDOWS\System32\OLEAUT32.dll
0x00007ff950440000 - 0x00007ff95047b000 	C:\WINDOWS\SYSTEM32\dbgcore.DLL
0x00007ff97f170000 - 0x00007ff97f21c000 	C:\WINDOWS\System32\bcryptPrimitives.dll
0x00007ff95c4f0000 - 0x00007ff95c4ff000 	c:\Users\ashre\.vscode\extensions\redhat.java-1.55.0-win32-x64\jre\21.0.11-win32-x86_64\bin\instrument.dll
0x00007ff93c2b0000 - 0x00007ff93c2d0000 	c:\Users\ashre\.vscode\extensions\redhat.java-1.55.0-win32-x64\jre\21.0.11-win32-x86_64\bin\java.dll
0x00007ff97f6f0000 - 0x00007ff97fe82000 	C:\WINDOWS\System32\SHELL32.dll
0x00007ff97c650000 - 0x00007ff97cee2000 	C:\WINDOWS\SYSTEM32\windows.storage.dll
0x00007ff9813d0000 - 0x00007ff9814c7000 	C:\WINDOWS\System32\SHCORE.dll
0x00007ff9806f0000 - 0x00007ff980757000 	C:\WINDOWS\System32\shlwapi.dll
0x00007ff97eb00000 - 0x00007ff97eb29000 	C:\WINDOWS\SYSTEM32\profapi.dll
0x00007ff93aed0000 - 0x00007ff93aee8000 	c:\Users\ashre\.vscode\extensions\redhat.java-1.55.0-win32-x64\jre\21.0.11-win32-x86_64\bin\zip.dll
0x00007ff95bd60000 - 0x00007ff95bd70000 	C:\Users\ashre\.vscode\extensions\redhat.java-1.55.0-win32-x64\jre\21.0.11-win32-x86_64\bin\net.dll
0x00007ff9739c0000 - 0x00007ff973ae9000 	C:\WINDOWS\SYSTEM32\WINHTTP.dll
0x00007ff97de70000 - 0x00007ff97dedc000 	C:\WINDOWS\system32\mswsock.dll
0x00007ff93ade0000 - 0x00007ff93adf6000 	C:\Users\ashre\.vscode\extensions\redhat.java-1.55.0-win32-x64\jre\21.0.11-win32-x86_64\bin\nio.dll
0x00007ff95bb40000 - 0x00007ff95bb50000 	c:\Users\ashre\.vscode\extensions\redhat.java-1.55.0-win32-x64\jre\21.0.11-win32-x86_64\bin\verify.dll
0x00007ff933710000 - 0x00007ff933755000 	C:\Users\ashre\AppData\Roaming\Code\User\globalStorage\redhat.java\1.55.0\config_win\org.eclipse.equinox.launcher\org.eclipse.equinox.launcher.win32.win32.x86_64_1.3.100.v20260613-0559\eclipse_11924.dll
0x00007ff981730000 - 0x00007ff9818c9000 	C:\WINDOWS\System32\ole32.dll
0x00007ff97e170000 - 0x00007ff97e18b000 	C:\WINDOWS\SYSTEM32\CRYPTSP.dll
0x00007ff97d820000 - 0x00007ff97d859000 	C:\WINDOWS\system32\rsaenh.dll
0x00007ff97df30000 - 0x00007ff97df62000 	C:\WINDOWS\SYSTEM32\USERENV.dll
0x00007ff97ead0000 - 0x00007ff97eafa000 	C:\WINDOWS\SYSTEM32\bcrypt.dll
0x00007ff97e190000 - 0x00007ff97e19c000 	C:\WINDOWS\SYSTEM32\CRYPTBASE.dll
0x00007ff97d290000 - 0x00007ff97d2c3000 	C:\WINDOWS\SYSTEM32\IPHLPAPI.DLL
0x00007ff980ca0000 - 0x00007ff980caa000 	C:\WINDOWS\System32\NSI.dll
0x00007ff93c640000 - 0x00007ff93c689000 	C:\Users\ashre\AppData\Local\Temp\jna-93111081\jna18233013584671330446.dll
0x00007ff9806e0000 - 0x00007ff9806e8000 	C:\WINDOWS\System32\PSAPI.DLL
0x00007ff9743d0000 - 0x00007ff9743ed000 	C:\WINDOWS\SYSTEM32\dhcpcsvc6.DLL
0x00007ff9743a0000 - 0x00007ff9743c5000 	C:\WINDOWS\SYSTEM32\dhcpcsvc.DLL
0x00007ff95ba30000 - 0x00007ff95ba3e000 	C:\Users\ashre\.vscode\extensions\redhat.java-1.55.0-win32-x64\jre\21.0.11-win32-x86_64\bin\sunmscapi.dll
0x00007ff97ebe0000 - 0x00007ff97ed58000 	C:\WINDOWS\System32\CRYPT32.dll
0x00007ff97e4d0000 - 0x00007ff97e500000 	C:\WINDOWS\SYSTEM32\ncrypt.dll
0x00007ff97e480000 - 0x00007ff97e4bf000 	C:\WINDOWS\SYSTEM32\NTASN1.dll
0x00007ff97d330000 - 0x00007ff97d485000 	C:\WINDOWS\SYSTEM32\DNSAPI.dll
0x00007ff97dc70000 - 0x00007ff97dc7d000 	C:\WINDOWS\SYSTEM32\DSPARSE.dll
0x00007ff974300000 - 0x00007ff97430b000 	C:\Windows\System32\rasadhlp.dll
0x00007ff974ef0000 - 0x00007ff974f76000 	C:\WINDOWS\System32\fwpuclnt.dll
0x00007ff95b9f0000 - 0x00007ff95b9f9000 	C:\Users\ashre\.vscode\extensions\redhat.java-1.55.0-win32-x64\jre\21.0.11-win32-x86_64\bin\extnet.dll

JVMTI agents:
c:\Users\ashre\.vscode\extensions\redhat.java-1.55.0-win32-x64\lombok\lombok-1.18.39-4050.jar path:c:\Users\ashre\.vscode\extensions\redhat.java-1.55.0-win32-x64\jre\21.0.11-win32-x86_64\bin\instrument.dll, loaded, initialized, instrumentlib options:none

dbghelp: loaded successfully - version: 4.0.5 - missing functions: none
symbol engine: initialized successfully - sym options: 0x614 - pdb path: .;c:\Users\ashre\.vscode\extensions\redhat.java-1.55.0-win32-x64\jre\21.0.11-win32-x86_64\bin;C:\WINDOWS\SYSTEM32;C:\WINDOWS\WinSxS\amd64_microsoft.windows.common-controls_6595b64144ccf1df_6.0.26100.8737_none_3e092eaee333b772;c:\Users\ashre\.vscode\extensions\redhat.java-1.55.0-win32-x64\jre\21.0.11-win32-x86_64\bin\server;C:\Users\ashre\AppData\Roaming\Code\User\globalStorage\redhat.java\1.55.0\config_win\org.eclipse.equinox.launcher\org.eclipse.equinox.launcher.win32.win32.x86_64_1.3.100.v20260613-0559;C:\Users\ashre\AppData\Local\Temp\jna-93111081

VM Arguments:
jvm_args: --add-modules=ALL-SYSTEM --add-opens=java.base/java.util=ALL-UNNAMED --add-opens=java.base/java.lang=ALL-UNNAMED --add-opens=java.base/sun.nio.fs=ALL-UNNAMED -Declipse.application=org.eclipse.jdt.ls.core.id1 -Dosgi.bundles.defaultStartLevel=4 -Declipse.product=org.eclipse.jdt.ls.core.product -Djava.import.generatesMetadataFilesAtProjectRoot=false -DDetectVMInstallationsJob.disabled=true -Dfile.encoding=utf8 -XX:+UseParallelGC -XX:GCTimeRatio=4 -XX:AdaptiveSizePolicyWeight=90 -Dsun.zip.disableMemoryMapping=true -Xmx2G -Xms100m -Xlog:disable -javaagent:c:\Users\ashre\.vscode\extensions\redhat.java-1.55.0-win32-x64\lombok\lombok-1.18.39-4050.jar -XX:+HeapDumpOnOutOfMemoryError -XX:HeapDumpPath=c:\Users\ashre\AppData\Roaming\Code\User\workspaceStorage\6482264bb552d4ff22a4a57cde34620d\redhat.java -Daether.dependencyCollector.impl=bf 
java_command: c:\Users\ashre\.vscode\extensions\redhat.java-1.55.0-win32-x64\server\plugins\org.eclipse.equinox.launcher_1.7.200.v20260619-2039.jar -configuration c:\Users\ashre\AppData\Roaming\Code\User\globalStorage\redhat.java\1.55.0\config_win -data c:\Users\ashre\AppData\Roaming\Code\User\workspaceStorage\6482264bb552d4ff22a4a57cde34620d\redhat.java\jdt_ws --pipe=\\.\pipe\lsp-2c33f0250d9d38a69f99f3494bd8e354-sock
java_class_path (initial): c:\Users\ashre\.vscode\extensions\redhat.java-1.55.0-win32-x64\server\plugins\org.eclipse.equinox.launcher_1.7.200.v20260619-2039.jar
Launcher Type: SUN_STANDARD

[Global flags]
    uintx AdaptiveSizePolicyWeight                 = 90                                        {product} {command line}
     intx CICompilerCount                          = 12                                        {product} {ergonomic}
    uintx GCTimeRatio                              = 4                                         {product} {command line}
     bool HeapDumpOnOutOfMemoryError               = true                                   {manageable} {command line}
    ccstr HeapDumpPath                             = c:\Users\ashre\AppData\Roaming\Code\User\workspaceStorage\6482264bb552d4ff22a4a57cde34620d\redhat.java         {manageable} {command line}
   size_t InitialHeapSize                          = 104857600                                 {product} {command line}
   size_t MaxHeapSize                              = 2147483648                                {product} {command line}
   size_t MaxNewSize                               = 715653120                                 {product} {ergonomic}
   size_t MinHeapDeltaBytes                        = 524288                                    {product} {ergonomic}
   size_t MinHeapSize                              = 104857600                                 {product} {command line}
   size_t NewSize                                  = 34603008                                  {product} {ergonomic}
    uintx NonNMethodCodeHeapSize                   = 7602480                                {pd product} {ergonomic}
    uintx NonProfiledCodeHeapSize                  = 122027880                              {pd product} {ergonomic}
   size_t OldSize                                  = 70254592                                  {product} {ergonomic}
    uintx ProfiledCodeHeapSize                     = 122027880                              {pd product} {ergonomic}
    uintx ReservedCodeCacheSize                    = 251658240                              {pd product} {ergonomic}
     bool SegmentedCodeCache                       = true                                      {product} {ergonomic}
   size_t SoftMaxHeapSize                          = 2147483648                             {manageable} {ergonomic}
     bool UseCompressedOops                        = true                           {product lp64_product} {ergonomic}
     bool UseLargePagesIndividualAllocation        = false                                  {pd product} {ergonomic}
     bool UseParallelGC                            = true                                      {product} {command line}

Logging:
Log output configuration:
 #0: stdout all=off uptime,level,tags foldmultilines=false
 #1: stderr all=off uptime,level,tags foldmultilines=false

Release file:
JAVA_VERSION="21.0.11" 
MODULES="java.base java.compiler java.datatransfer java.xml java.prefs java.desktop java.instrument java.logging java.management java.security.sasl java.naming java.rmi java.management.rmi java.net.http java.scripting java.security.jgss java.transaction.xa java.sql java.sql.rowset java.xml.crypto java.se java.smartcardio jdk.accessibility jdk.internal.jvmstat jdk.attach jdk.charsets jdk.internal.opt jdk.zipfs jdk.compiler jdk.crypto.ec jdk.crypto.cryptoki jdk.crypto.mscapi jdk.dynalink jdk.internal.ed jdk.editpad jdk.hotspot.agent jdk.httpserver jdk.internal.le jdk.internal.vm.ci jdk.internal.vm.compiler jdk.internal.vm.compiler.management jdk.jartool jdk.javadoc jdk.jcmd jdk.management jdk.management.agent jdk.jconsole jdk.jdeps jdk.jdwp.agent jdk.jdi jdk.jfr jdk.jshell jdk.jsobject jdk.jstatd jdk.localedata jdk.management.jfr jdk.naming.dns jdk.naming.rmi jdk.net jdk.nio.mapmode jdk.random jdk.sctp jdk.security.auth jdk.security.jgss jdk.unsupported jdk.unsupported.desktop jdk.xml.dom" 

Environment Variables:
JAVA_HOME=C:\Program Files\Eclipse Adoptium\jdk-25.0.2.10-hotspot
PATH=C:\app\ashre\product\21c\dbhomeXE\bin;C:\Program Files\Common Files\Oracle\Java\javapath;C:\Program Files\Eclipse Adoptium\jdk-25.0.2.10-hotspot\bin;C:\Program Files\Python312;C:\Program Files\Git\cmd;C:\Program Files\nodejs\;C:\Program Files\CMake\bin;C:\Program Files\dotnet\;C:\WINDOWS\system32;C:\WINDOWS;C:\WINDOWS\System32\Wbem;C:\WINDOWS\System32\WindowsPowerShell\v1.0\;C:\WINDOWS\System32\OpenSSH\;C:\WINDOWS\system32;C:\WINDOWS;C:\WINDOWS\System32\Wbem;C:\WINDOWS\System32\WindowsPowerShell\v1.0\;C:\WINDOWS\System32\OpenSSH\;C:\Program Files\apache-maven-3.9.16-bin\apache-maven-3.9.16\bin;C:\Users\ashre\AppData\Local\Programs\Python\Python39\Scripts\;C:\Users\ashre\AppData\Local\Programs\Python\Python39\;C:\Users\ashre\AppData\Local\Programs\Python\Launcher\;C:\Program Files\Python312;C:\Users\ashre\AppData\Local\Programs\Microsoft VS Code\bin;C:\\Windows\System32;C:\Users\ashre\AppData\Roaming\npm;C:\Program Files\CMake\bin;C:\Users\ashre\AppData\Local\Microsoft\WindowsApps;C:\Program Files\Eclipse Adoptium\jdk-25.0.2.10-hotspot\bin;
USERNAME=ashre
OS=Windows_NT
PROCESSOR_IDENTIFIER=Intel64 Family 6 Model 154 Stepping 3, GenuineIntel
TMP=C:\Users\ashre\AppData\Local\Temp
TEMP=C:\Users\ashre\AppData\Local\Temp




Periodic native trim disabled

---------------  S Y S T E M  ---------------

OS:
 Windows 11 , 64 bit Build 26100 (10.0.26100.8737)
OS uptime: 1 days 0:14 hours
Hyper-V role detected

CPU: total 16 (initial active 16) (8 cores per cpu, 2 threads per core) family 6 model 154 stepping 3 microcode 0x434, cx8, cmov, fxsr, ht, mmx, 3dnowpref, sse, sse2, sse3, ssse3, sse4.1, sse4.2, popcnt, lzcnt, tsc, tscinvbit, avx, avx2, aes, erms, clmul, bmi1, bmi2, adx, sha, fma, vzeroupper, clflush, clflushopt, clwb, hv, serialize, rdtscp, rdpid, fsrm, f16c, cet_ibt, cet_ss
Processor Information for processor 0
  Max Mhz: 2500, Current Mhz: 2500, Mhz Limit: 2500
Processor Information for processor 1
  Max Mhz: 2500, Current Mhz: 2500, Mhz Limit: 2500
Processor Information for processor 2
  Max Mhz: 2500, Current Mhz: 2500, Mhz Limit: 2500
Processor Information for processor 3
  Max Mhz: 2500, Current Mhz: 2500, Mhz Limit: 2500
Processor Information for processor 4
  Max Mhz: 2500, Current Mhz: 2500, Mhz Limit: 2500
Processor Information for processor 5
  Max Mhz: 2500, Current Mhz: 2500, Mhz Limit: 2500
Processor Information for processor 6
  Max Mhz: 2500, Current Mhz: 2500, Mhz Limit: 2500
Processor Information for processor 7
  Max Mhz: 2500, Current Mhz: 2500, Mhz Limit: 2500
Processor Information for processor 8
  Max Mhz: 2500, Current Mhz: 2500, Mhz Limit: 2500
Processor Information for processor 9
  Max Mhz: 2500, Current Mhz: 1527, Mhz Limit: 2500
Processor Information for processor 10
  Max Mhz: 2500, Current Mhz: 2500, Mhz Limit: 2500
Processor Information for processor 11
  Max Mhz: 2500, Current Mhz: 2500, Mhz Limit: 2500
Processor Information for processor 12
  Max Mhz: 2500, Current Mhz: 2500, Mhz Limit: 2500
Processor Information for processor 13
  Max Mhz: 2500, Current Mhz: 2500, Mhz Limit: 2500
Processor Information for processor 14
  Max Mhz: 2500, Current Mhz: 2500, Mhz Limit: 2500
Processor Information for processor 15
  Max Mhz: 2500, Current Mhz: 1527, Mhz Limit: 2500

Memory: 4k page, system-wide physical 16051M (232M free)
TotalPageFile size 23246M (AvailPageFile size 98M)
current process WorkingSet (physical memory assigned to process): 528M, peak: 529M
current process commit charge ("private bytes"): 608M, peak: 611M

vm_info: OpenJDK 64-Bit Server VM (21.0.11+10-LTS) for windows-amd64 JRE (21.0.11+10-LTS), built on 2026-04-21T00:00:00Z by "admin" with MS VC++ 17.12 (VS2022)

END.
